<?xml version="1.0" encoding="utf-8" standalone="no"?>
<!--This file represents the results of running a test suite-->
<test-results name="E:\Projects\mso\InsightsFrameworkTests\InsightsFrameworkTests\BuildOutput\InsightsFrameworkTests.dll" total="1" errors="0" failures="1" not-run="0" inconclusive="0" ignored="0" skipped="0" invalid="0" date="2014-01-02" time="11:57:28">
  <environment nunit-version="2.6.3.13283" clr-version="2.0.50727.5472" os-version="Microsoft Windows NT 6.1.7601 Service Pack 1" platform="Win32NT" cwd="C:\Program Files (x86)\NUnit 2.6.3\bin" machine-name="SUNITAV" user="sunitav" user-domain="CORPORATE" />
  <culture-info current-culture="en-IN" current-uiculture="en-US" />
  <test-suite type="Assembly" name="E:\Projects\mso\InsightsFrameworkTests\InsightsFrameworkTests\BuildOutput\InsightsFrameworkTests.dll" executed="True" result="Failure" success="False" time="0.037" asserts="0">
    <results>
      <test-suite type="Namespace" name="InsightsFrameworkTests" executed="True" result="Failure" success="False" time="0.034" asserts="0">
        <results>
          <test-suite type="Namespace" name="Sanity" executed="True" result="Failure" success="False" time="0.030" asserts="0">
            <results>
              <test-suite type="TestFixture" name="UiAcceptanceTests" executed="True" result="Failure" success="False" time="0.028" asserts="0">
                <results>
                  <test-case name="InsightsFrameworkTests.Sanity.UiAcceptanceTests.LoadUi" executed="True" result="Failure" success="False" time="0.003" asserts="1">
                    <failure>
                      <message><![CDATA[  Expected: 2
  But was:  3
]]></message>
                      <stack-trace><![CDATA[at InsightsFrameworkTests.Sanity.UiAcceptanceTests.LoadUi() in e:\Projects\mso\InsightsFrameworkTests\InsightsFrameworkTests\Sanity\IF_AcceptanceTests.cs:line 23
]]></stack-trace>
                    </failure>
                  </test-case>
                </results>
              </test-suite>
            </results>
          </test-suite>
        </results>
      </test-suite>
    </results>
  </test-suite>
</test-results>